# JRE version: Java(TM) SE Runtime Environment (8.0_202-b08) (build 1.8.0_202-b08)
# Java VM: Java HotSpot(TM) Server VM (25.202-b08 mixed mode linux-x86 )
Heap:
 PSYoungGen      total 223232K, used 223224K [0x87600000, 0x96b40000, 0xa7600000)
  eden space 211200K, 100% used [0x87600000,0x94440000,0x94440000)
  from space 12032K, 99% used [0x95480000,0x9603e198,0x96040000)
  to   space 16640K, 99% used [0x94440000,0x9547c358,0x95480000)
 ParOldGen       total 65024K, used 65020K [0x47600000, 0x4b580000, 0x87600000)
  object space 65024K, 99% used [0x47600000,0x4b57f370,0x4b580000)
 Metaspace       used 56626K, capacity 59626K, committed 59648K, reserved 59696K
GC Heap History (10 events):
Event: 46.621 GC heap after
Heap after GC invocations=25 (full 5):
 PSYoungGen      total 164608K, used 0K [0x87600000, 0x92380000, 0xa7600000)
  eden space 152320K, 0% used [0x87600000,0x87600000,0x90ac0000)
  from space 12288K, 0% used [0x91700000,0x91700000,0x92300000)
  to   space 12544K, 0% used [0x90ac0000,0x90ac0000,0x91700000)
 ParOldGen       total 65024K, used 33137K [0x47600000, 0x4b580000, 0x87600000)
  object space 65024K, 50% used [0x47600000,0x4965c770,0x4b580000)
 Metaspace       used 47370K, capacity 49578K, committed 49664K, reserved 50480K
}
Event: 48.974 GC heap before
{Heap before GC invocations=26 (full 5):
 PSYoungGen      total 164608K, used 152320K [0x87600000, 0x92380000, 0xa7600000)
  eden space 152320K, 100% used [0x87600000,0x90ac0000,0x90ac0000)
  from space 12288K, 0% used [0x91700000,0x91700000,0x92300000)
  to   space 12544K, 0% used [0x90ac0000,0x90ac0000,0x91700000)
 ParOldGen       total 65024K, used 33137K [0x47600000, 0x4b580000, 0x87600000)
  object space 65024K, 50% used [0x47600000,0x4965c770,0x4b580000)
 Metaspace       used 47539K, capacity 49771K, committed 49792K, reserved 50480K
Event: 48.996 GC heap after
Heap after GC invocations=26 (full 5):
 PSYoungGen      total 164864K, used 6642K [0x87600000, 0x94040000, 0xa7600000)
  eden space 152320K, 0% used [0x87600000,0x87600000,0x90ac0000)
  from space 12544K, 52% used [0x90ac0000,0x9113c8a8,0x91700000)
  to   space 12288K, 0% used [0x93440000,0x93440000,0x94040000)
 ParOldGen       total 65024K, used 33141K [0x47600000, 0x4b580000, 0x87600000)
  object space 65024K, 50% used [0x47600000,0x4965d770,0x4b580000)
 Metaspace       used 47539K, capacity 49771K, committed 49792K, reserved 50480K
}
Event: 50.166 GC heap before
{Heap before GC invocations=27 (full 5):
 PSYoungGen      total 164864K, used 158962K [0x87600000, 0x94040000, 0xa7600000)
  eden space 152320K, 100% used [0x87600000,0x90ac0000,0x90ac0000)
  from space 12544K, 52% used [0x90ac0000,0x9113c8a8,0x91700000)
  to   space 12288K, 0% used [0x93440000,0x93440000,0x94040000)
 ParOldGen       total 65024K, used 33141K [0x47600000, 0x4b580000, 0x87600000)
  object space 65024K, 50% used [0x47600000,0x4965d770,0x4b580000)
 Metaspace       used 47582K, capacity 49803K, committed 49920K, reserved 50480K
Event: 50.195 GC heap after
Heap after GC invocations=27 (full 5):
 PSYoungGen      total 192768K, used 3576K [0x87600000, 0x93f00000, 0xa7600000)
  eden space 181760K, 0% used [0x87600000,0x87600000,0x92780000)
  from space 11008K, 32% used [0x93440000,0x937be1a0,0x93f00000)
  to   space 12032K, 0% used [0x92780000,0x92780000,0x93340000)
 ParOldGen       total 65024K, used 38956K [0x47600000, 0x4b580000, 0x87600000)
  object space 65024K, 59% used [0x47600000,0x49c0b3c8,0x4b580000)
 Metaspace       used 47582K, capacity 49803K, committed 49920K, reserved 50480K
}
Event: 50.743 GC heap before
{Heap before GC invocations=28 (full 5):
 PSYoungGen      total 192768K, used 185336K [0x87600000, 0x93f00000, 0xa7600000)
  eden space 181760K, 100% used [0x87600000,0x92780000,0x92780000)
  from space 11008K, 32% used [0x93440000,0x937be1a0,0x93f00000)
  to   space 12032K, 0% used [0x92780000,0x92780000,0x93340000)
 ParOldGen       total 65024K, used 38956K [0x47600000, 0x4b580000, 0x87600000)
  object space 65024K, 59% used [0x47600000,0x49c0b3c8,0x4b580000)
 Metaspace       used 47582K, capacity 49803K, committed 49920K, reserved 50480K
Event: 50.756 GC heap after
Heap after GC invocations=28 (full 5):
 PSYoungGen      total 193792K, used 1312K [0x87600000, 0x96040000, 0xa7600000)
  eden space 181760K, 0% used [0x87600000,0x87600000,0x92780000)
  from space 12032K, 10% used [0x92780000,0x928c8000,0x93340000)
  to   space 12032K, 0% used [0x95480000,0x95480000,0x96040000)
 ParOldGen       total 65024K, used 41533K [0x47600000, 0x4b580000, 0x87600000)
  object space 65024K, 63% used [0x47600000,0x49e8f438,0x4b580000)
 Metaspace       used 47582K, capacity 49803K, committed 49920K, reserved 50480K
}
Event: 52.827 GC heap before
{Heap before GC invocations=29 (full 5):
 PSYoungGen      total 193792K, used 183072K [0x87600000, 0x96040000, 0xa7600000)
  eden space 181760K, 100% used [0x87600000,0x92780000,0x92780000)
  from space 12032K, 10% used [0x92780000,0x928c8000,0x93340000)
  to   space 12032K, 0% used [0x95480000,0x95480000,0x96040000)
 ParOldGen       total 65024K, used 41533K [0x47600000, 0x4b580000, 0x87600000)
  object space 65024K, 63% used [0x47600000,0x49e8f438,0x4b580000)
 Metaspace       used 48849K, capacity 51189K, committed 51200K, reserved 51504K
Event: 52.916 GC heap after
Heap after GC invocations=29 (full 5):
 PSYoungGen      total 223232K, used 12024K [0x87600000, 0x96b40000, 0xa7600000)
  eden space 211200K, 0% used [0x87600000,0x87600000,0x94440000)
  from space 12032K, 99% used [0x95480000,0x9603e198,0x96040000)
  to   space 16640K, 0% used [0x94440000,0x94440000,0x95480000)
 ParOldGen       total 65024K, used 48562K [0x47600000, 0x4b580000, 0x87600000)
  object space 65024K, 74% used [0x47600000,0x4a56ca88,0x4b580000)
 Metaspace       used 48849K, capacity 51189K, committed 51200K, reserved 51504K
}
Event: 61.683 GC heap before
{Heap before GC invocations=30 (full 5):
 PSYoungGen      total 223232K, used 223224K [0x87600000, 0x96b40000, 0xa7600000)
  eden space 211200K, 100% used [0x87600000,0x94440000,0x94440000)
  from space 12032K, 99% used [0x95480000,0x9603e198,0x96040000)
  to   space 16640K, 0% used [0x94440000,0x94440000,0x95480000)
 ParOldGen       total 65024K, used 48562K [0x47600000, 0x4b580000, 0x87600000)
  object space 65024K, 74% used [0x47600000,0x4a56ca88,0x4b580000)
 Metaspace       used 56626K, capacity 59626K, committed 59648K, reserved 59696K

