# JRE version: Java(TM) SE Runtime Environment (8.0_202-b08) (build 1.8.0_202-b08)
# Java VM: Java HotSpot(TM) Server VM (25.202-b08 mixed mode linux-x86 )
Heap:
 PSYoungGen      total 169984K, used 9309K [0x87600000, 0x92f40000, 0xa7600000)
  eden space 155648K, 0% used [0x87600000,0x87600000,0x90e00000)
  from space 14336K, 64% used [0x90e00000,0x91717428,0x91c00000)
  to   space 13824K, 0% used [0x91c00000,0x91c00000,0x92980000)
 ParOldGen       total 61440K, used 31821K [0x47600000, 0x4b200000, 0x87600000)
  object space 61440K, 51% used [0x47600000,0x495135e8,0x4b200000)
 Metaspace       used 46873K, capacity 49106K, committed 49152K, reserved 49456K
GC Heap History (10 events):
Event: 24.918 GC heap after
Heap after GC invocations=19 (full 4):
 PSYoungGen      total 136192K, used 16K [0x87600000, 0x908c0000, 0xa7600000)
  eden space 122624K, 0% used [0x87600000,0x87600000,0x8edc0000)
  from space 13568K, 0% used [0x8edc0000,0x8edc4000,0x8fb00000)
  to   space 13824K, 0% used [0x8fb40000,0x8fb40000,0x908c0000)
 ParOldGen       total 61440K, used 34694K [0x47600000, 0x4b200000, 0x87600000)
  object space 61440K, 56% used [0x47600000,0x497e1918,0x4b200000)
 Metaspace       used 44255K, capacity 46418K, committed 46464K, reserved 47408K
}
Event: 24.918 GC heap before
{Heap before GC invocations=20 (full 5):
 PSYoungGen      total 136192K, used 16K [0x87600000, 0x908c0000, 0xa7600000)
  eden space 122624K, 0% used [0x87600000,0x87600000,0x8edc0000)
  from space 13568K, 0% used [0x8edc0000,0x8edc4000,0x8fb00000)
  to   space 13824K, 0% used [0x8fb40000,0x8fb40000,0x908c0000)
 ParOldGen       total 61440K, used 34694K [0x47600000, 0x4b200000, 0x87600000)
  object space 61440K, 56% used [0x47600000,0x497e1918,0x4b200000)
 Metaspace       used 44255K, capacity 46418K, committed 46464K, reserved 47408K
Event: 25.146 GC heap after
Heap after GC invocations=20 (full 5):
 PSYoungGen      total 136192K, used 0K [0x87600000, 0x908c0000, 0xa7600000)
  eden space 122624K, 0% used [0x87600000,0x87600000,0x8edc0000)
  from space 13568K, 0% used [0x8edc0000,0x8edc0000,0x8fb00000)
  to   space 13824K, 0% used [0x8fb40000,0x8fb40000,0x908c0000)
 ParOldGen       total 61440K, used 31805K [0x47600000, 0x4b200000, 0x87600000)
  object space 61440K, 51% used [0x47600000,0x4950f5e8,0x4b200000)
 Metaspace       used 44255K, capacity 46418K, committed 46464K, reserved 47408K
}
Event: 27.876 GC heap before
{Heap before GC invocations=21 (full 5):
 PSYoungGen      total 136192K, used 122624K [0x87600000, 0x908c0000, 0xa7600000)
  eden space 122624K, 100% used [0x87600000,0x8edc0000,0x8edc0000)
  from space 13568K, 0% used [0x8edc0000,0x8edc0000,0x8fb00000)
  to   space 13824K, 0% used [0x8fb40000,0x8fb40000,0x908c0000)
 ParOldGen       total 61440K, used 31805K [0x47600000, 0x4b200000, 0x87600000)
  object space 61440K, 51% used [0x47600000,0x4950f5e8,0x4b200000)
 Metaspace       used 46459K, capacity 48642K, committed 48768K, reserved 49456K
Event: 27.892 GC heap after
Heap after GC invocations=21 (full 5):
 PSYoungGen      total 136960K, used 6418K [0x87600000, 0x92640000, 0xa7600000)
  eden space 123136K, 0% used [0x87600000,0x87600000,0x8ee40000)
  from space 13824K, 46% used [0x8fb40000,0x90184998,0x908c0000)
  to   space 13312K, 0% used [0x8ee40000,0x8ee40000,0x8fb40000)
 ParOldGen       total 61440K, used 31809K [0x47600000, 0x4b200000, 0x87600000)
  object space 61440K, 51% used [0x47600000,0x495105e8,0x4b200000)
 Metaspace       used 46459K, capacity 48642K, committed 48768K, reserved 49456K
}
Event: 29.092 GC heap before
{Heap before GC invocations=22 (full 5):
 PSYoungGen      total 136960K, used 129554K [0x87600000, 0x92640000, 0xa7600000)
  eden space 123136K, 100% used [0x87600000,0x8ee40000,0x8ee40000)
  from space 13824K, 46% used [0x8fb40000,0x90184998,0x908c0000)
  to   space 13312K, 0% used [0x8ee40000,0x8ee40000,0x8fb40000)
 ParOldGen       total 61440K, used 31809K [0x47600000, 0x4b200000, 0x87600000)
  object space 61440K, 51% used [0x47600000,0x495105e8,0x4b200000)
 Metaspace       used 46823K, capacity 49038K, committed 49152K, reserved 49456K
Event: 29.123 GC heap after
Heap after GC invocations=22 (full 5):
 PSYoungGen      total 136448K, used 8781K [0x87600000, 0x92980000, 0xa7600000)
  eden space 123136K, 0% used [0x87600000,0x87600000,0x8ee40000)
  from space 13312K, 65% used [0x8ee40000,0x8f6d34a0,0x8fb40000)
  to   space 13824K, 0% used [0x91c00000,0x91c00000,0x92980000)
 ParOldGen       total 61440K, used 31817K [0x47600000, 0x4b200000, 0x87600000)
  object space 61440K, 51% used [0x47600000,0x495125e8,0x4b200000)
 Metaspace       used 46823K, capacity 49038K, committed 49152K, reserved 49456K
}
Event: 29.697 GC heap before
{Heap before GC invocations=23 (full 5):
 PSYoungGen      total 136448K, used 131917K [0x87600000, 0x92980000, 0xa7600000)
  eden space 123136K, 100% used [0x87600000,0x8ee40000,0x8ee40000)
  from space 13312K, 65% used [0x8ee40000,0x8f6d34a0,0x8fb40000)
  to   space 13824K, 0% used [0x91c00000,0x91c00000,0x92980000)
 ParOldGen       total 61440K, used 31817K [0x47600000, 0x4b200000, 0x87600000)
  object space 61440K, 51% used [0x47600000,0x495125e8,0x4b200000)
 Metaspace       used 46869K, capacity 49106K, committed 49152K, reserved 49456K
Event: 29.723 GC heap after
Heap after GC invocations=23 (full 5):
 PSYoungGen      total 169472K, used 9294K [0x87600000, 0x92f40000, 0xa7600000)
  eden space 155648K, 0% used [0x87600000,0x87600000,0x90e00000)
  from space 13824K, 67% used [0x91c00000,0x92513bd0,0x92980000)
  to   space 14336K, 0% used [0x90e00000,0x90e00000,0x91c00000)
 ParOldGen       total 61440K, used 31821K [0x47600000, 0x4b200000, 0x87600000)
  object space 61440K, 51% used [0x47600000,0x495135e8,0x4b200000)
 Metaspace       used 46869K, capacity 49106K, committed 49152K, reserved 49456K
}
Event: 30.154 GC heap before
{Heap before GC invocations=24 (full 5):
 PSYoungGen      total 169472K, used 164942K [0x87600000, 0x92f40000, 0xa7600000)
  eden space 155648K, 100% used [0x87600000,0x90e00000,0x90e00000)
  from space 13824K, 67% used [0x91c00000,0x92513bd0,0x92980000)
  to   space 14336K, 0% used [0x90e00000,0x90e00000,0x91c00000)
 ParOldGen       total 61440K, used 31821K [0x47600000, 0x4b200000, 0x87600000)
  object space 61440K, 51% used [0x47600000,0x495135e8,0x4b200000)
 Metaspace       used 46873K, capacity 49106K, committed 49152K, reserved 49456K

