# JRE version: Java(TM) SE Runtime Environment (8.0_202-b08) (build 1.8.0_202-b08)
# Java VM: Java HotSpot(TM) Server VM (25.202-b08 mixed mode linux-x86 )
Heap:
 PSYoungGen      total 36608K, used 3828K [0x87200000, 0x89980000, 0xa7200000)
  eden space 32768K, 0% used [0x87200000,0x87200000,0x89200000)
  from space 3840K, 99% used [0x89200000,0x895bd208,0x895c0000)
  to   space 3840K, 0% used [0x895c0000,0x895c0000,0x89980000)
 ParOldGen       total 22016K, used 10969K [0x47200000, 0x48780000, 0x87200000)
  object space 22016K, 49% used [0x47200000,0x47cb6448,0x48780000)
 Metaspace       used 16019K, capacity 16342K, committed 16384K, reserved 16688K
GC Heap History (10 events):
Event: 1.718 GC heap after
Heap after GC invocations=2 (full 0):
 PSYoungGen      total 9472K, used 1270K [0x87200000, 0x88480000, 0xa7200000)
  eden space 8192K, 0% used [0x87200000,0x87200000,0x87a00000)
  from space 1280K, 99% used [0x87b40000,0x87c7d8f8,0x87c80000)
  to   space 1280K, 0% used [0x87a00000,0x87a00000,0x87b40000)
 ParOldGen       total 22016K, used 2219K [0x47200000, 0x48780000, 0x87200000)
  object space 22016K, 10% used [0x47200000,0x4742ac48,0x48780000)
 Metaspace       used 4363K, capacity 4434K, committed 4504K, reserved 5424K
}
Event: 2.868 GC heap before
{Heap before GC invocations=3 (full 0):
 PSYoungGen      total 9472K, used 9462K [0x87200000, 0x88480000, 0xa7200000)
  eden space 8192K, 100% used [0x87200000,0x87a00000,0x87a00000)
  from space 1280K, 99% used [0x87b40000,0x87c7d8f8,0x87c80000)
  to   space 1280K, 0% used [0x87a00000,0x87a00000,0x87b40000)
 ParOldGen       total 22016K, used 2219K [0x47200000, 0x48780000, 0x87200000)
  object space 22016K, 10% used [0x47200000,0x4742ac48,0x48780000)
 Metaspace       used 6870K, capacity 7065K, committed 7192K, reserved 7472K
Event: 2.875 GC heap after
Heap after GC invocations=3 (full 0):
 PSYoungGen      total 9472K, used 1270K [0x87200000, 0x88480000, 0xa7200000)
  eden space 8192K, 0% used [0x87200000,0x87200000,0x87a00000)
  from space 1280K, 99% used [0x87a00000,0x87b3d820,0x87b40000)
  to   space 1280K, 0% used [0x88340000,0x88340000,0x88480000)
 ParOldGen       total 22016K, used 3733K [0x47200000, 0x48780000, 0x87200000)
  object space 22016K, 16% used [0x47200000,0x475a56a0,0x48780000)
 Metaspace       used 6870K, capacity 7065K, committed 7192K, reserved 7472K
}
Event: 3.829 GC heap before
{Heap before GC invocations=4 (full 0):
 PSYoungGen      total 9472K, used 9462K [0x87200000, 0x88480000, 0xa7200000)
  eden space 8192K, 100% used [0x87200000,0x87a00000,0x87a00000)
  from space 1280K, 99% used [0x87a00000,0x87b3d820,0x87b40000)
  to   space 1280K, 0% used [0x88340000,0x88340000,0x88480000)
 ParOldGen       total 22016K, used 3733K [0x47200000, 0x48780000, 0x87200000)
  object space 22016K, 16% used [0x47200000,0x475a56a0,0x48780000)
 Metaspace       used 8580K, capacity 8837K, committed 8856K, reserved 9520K
Event: 3.838 GC heap after
Heap after GC invocations=4 (full 0):
 PSYoungGen      total 17664K, used 1268K [0x87200000, 0x88480000, 0xa7200000)
  eden space 16384K, 0% used [0x87200000,0x87200000,0x88200000)
  from space 1280K, 99% used [0x88340000,0x8847d3d8,0x88480000)
  to   space 1280K, 0% used [0x88200000,0x88200000,0x88340000)
 ParOldGen       total 22016K, used 5404K [0x47200000, 0x48780000, 0x87200000)
  object space 22016K, 24% used [0x47200000,0x477472f8,0x48780000)
 Metaspace       used 8580K, capacity 8837K, committed 8856K, reserved 9520K
}
Event: 5.170 GC heap before
{Heap before GC invocations=5 (full 0):
 PSYoungGen      total 17664K, used 17652K [0x87200000, 0x88480000, 0xa7200000)
  eden space 16384K, 100% used [0x87200000,0x88200000,0x88200000)
  from space 1280K, 99% used [0x88340000,0x8847d3d8,0x88480000)
  to   space 1280K, 0% used [0x88200000,0x88200000,0x88340000)
 ParOldGen       total 22016K, used 5404K [0x47200000, 0x48780000, 0x87200000)
  object space 22016K, 24% used [0x47200000,0x477472f8,0x48780000)
 Metaspace       used 10887K, capacity 11202K, committed 11288K, reserved 11568K
Event: 5.179 GC heap after
Heap after GC invocations=5 (full 0):
 PSYoungGen      total 17664K, used 1273K [0x87200000, 0x89980000, 0xa7200000)
  eden space 16384K, 0% used [0x87200000,0x87200000,0x88200000)
  from space 1280K, 99% used [0x88200000,0x8833e480,0x88340000)
  to   space 3840K, 0% used [0x895c0000,0x895c0000,0x89980000)
 ParOldGen       total 22016K, used 7617K [0x47200000, 0x48780000, 0x87200000)
  object space 22016K, 34% used [0x47200000,0x47970700,0x48780000)
 Metaspace       used 10887K, capacity 11202K, committed 11288K, reserved 11568K
}
Event: 5.641 GC heap before
{Heap before GC invocations=6 (full 0):
 PSYoungGen      total 17664K, used 17657K [0x87200000, 0x89980000, 0xa7200000)
  eden space 16384K, 100% used [0x87200000,0x88200000,0x88200000)
  from space 1280K, 99% used [0x88200000,0x8833e480,0x88340000)
  to   space 3840K, 0% used [0x895c0000,0x895c0000,0x89980000)
 ParOldGen       total 22016K, used 7617K [0x47200000, 0x48780000, 0x87200000)
  object space 22016K, 34% used [0x47200000,0x47970700,0x48780000)
 Metaspace       used 12337K, capacity 12647K, committed 12696K, reserved 13616K
Event: 5.650 GC heap after
Heap after GC invocations=6 (full 0):
 PSYoungGen      total 36608K, used 3121K [0x87200000, 0x89980000, 0xa7200000)
  eden space 32768K, 0% used [0x87200000,0x87200000,0x89200000)
  from space 3840K, 81% used [0x895c0000,0x898cc7c8,0x89980000)
  to   space 3840K, 0% used [0x89200000,0x89200000,0x895c0000)
 ParOldGen       total 22016K, used 7621K [0x47200000, 0x48780000, 0x87200000)
  object space 22016K, 34% used [0x47200000,0x47971700,0x48780000)
 Metaspace       used 12337K, capacity 12647K, committed 12696K, reserved 13616K
}
Event: 6.589 GC heap before
{Heap before GC invocations=7 (full 0):
 PSYoungGen      total 36608K, used 23521K [0x87200000, 0x89980000, 0xa7200000)
  eden space 32768K, 62% used [0x87200000,0x885ebea8,0x89200000)
  from space 3840K, 81% used [0x895c0000,0x898cc7c8,0x89980000)
  to   space 3840K, 0% used [0x89200000,0x89200000,0x895c0000)
 ParOldGen       total 22016K, used 7621K [0x47200000, 0x48780000, 0x87200000)
  object space 22016K, 34% used [0x47200000,0x47971700,0x48780000)
 Metaspace       used 16019K, capacity 16342K, committed 16384K, reserved 16688K

