# JRE version: Java(TM) SE Runtime Environment (8.0_202-b08) (build 1.8.0_202-b08)
# Java VM: Java HotSpot(TM) Server VM (25.202-b08 mixed mode linux-x86 )
Heap:
 PSYoungGen      total 11520K, used 5543K [0x9ce00000, 0x9dc80000, 0xa7600000)
  eden space 8192K, 52% used [0x9ce00000,0x9d231258,0x9d600000)
  from space 3328K, 37% used [0x9d600000,0x9d738d80,0x9d940000)
  to   space 3328K, 0% used [0x9d940000,0x9d940000,0x9dc80000)
 ParOldGen       total 22016K, used 9681K [0x87e00000, 0x89380000, 0x9ce00000)
  object space 22016K, 43% used [0x87e00000,0x88774580,0x89380000)
 Metaspace       used 15780K, capacity 16268K, committed 16280K, reserved 16688K
GC Heap History (10 events):
Event: 7.710 GC heap before
{Heap before GC invocations=7 (full 0):
 PSYoungGen      total 11520K, used 10919K [0x9ce00000, 0x9dc80000, 0xa7600000)
  eden space 8192K, 99% used [0x9ce00000,0x9d5ffe40,0x9d600000)
  from space 3328K, 81% used [0x9d940000,0x9dbe9f40,0x9dc80000)
  to   space 3328K, 0% used [0x9d600000,0x9d600000,0x9d940000)
 ParOldGen       total 22016K, used 6105K [0x87e00000, 0x89380000, 0x9ce00000)
  object space 22016K, 27% used [0x87e00000,0x883f66b8,0x89380000)
 Metaspace       used 11215K, capacity 11577K, committed 11672K, reserved 12592K
Event: 7.718 GC heap after
Heap after GC invocations=7 (full 0):
 PSYoungGen      total 11520K, used 1987K [0x9ce00000, 0x9dc80000, 0xa7600000)
  eden space 8192K, 0% used [0x9ce00000,0x9ce00000,0x9d600000)
  from space 3328K, 59% used [0x9d600000,0x9d7f0d10,0x9d940000)
  to   space 3328K, 0% used [0x9d940000,0x9d940000,0x9dc80000)
 ParOldGen       total 22016K, used 6921K [0x87e00000, 0x89380000, 0x9ce00000)
  object space 22016K, 31% used [0x87e00000,0x884c24d8,0x89380000)
 Metaspace       used 11215K, capacity 11577K, committed 11672K, reserved 12592K
}
Event: 8.602 GC heap before
{Heap before GC invocations=8 (full 0):
 PSYoungGen      total 11520K, used 10179K [0x9ce00000, 0x9dc80000, 0xa7600000)
  eden space 8192K, 100% used [0x9ce00000,0x9d600000,0x9d600000)
  from space 3328K, 59% used [0x9d600000,0x9d7f0d10,0x9d940000)
  to   space 3328K, 0% used [0x9d940000,0x9d940000,0x9dc80000)
 ParOldGen       total 22016K, used 6921K [0x87e00000, 0x89380000, 0x9ce00000)
  object space 22016K, 31% used [0x87e00000,0x884c24d8,0x89380000)
 Metaspace       used 12247K, capacity 12683K, committed 12696K, reserved 13616K
Event: 8.611 GC heap after
Heap after GC invocations=8 (full 0):
 PSYoungGen      total 11520K, used 2259K [0x9ce00000, 0x9dc80000, 0xa7600000)
  eden space 8192K, 0% used [0x9ce00000,0x9ce00000,0x9d600000)
  from space 3328K, 67% used [0x9d940000,0x9db74f60,0x9dc80000)
  to   space 3328K, 0% used [0x9d600000,0x9d600000,0x9d940000)
 ParOldGen       total 22016K, used 7257K [0x87e00000, 0x89380000, 0x9ce00000)
  object space 22016K, 32% used [0x87e00000,0x885164d8,0x89380000)
 Metaspace       used 12247K, capacity 12683K, committed 12696K, reserved 13616K
}
Event: 9.587 GC heap before
{Heap before GC invocations=9 (full 0):
 PSYoungGen      total 11520K, used 10451K [0x9ce00000, 0x9dc80000, 0xa7600000)
  eden space 8192K, 100% used [0x9ce00000,0x9d600000,0x9d600000)
  from space 3328K, 67% used [0x9d940000,0x9db74f60,0x9dc80000)
  to   space 3328K, 0% used [0x9d600000,0x9d600000,0x9d940000)
 ParOldGen       total 22016K, used 7257K [0x87e00000, 0x89380000, 0x9ce00000)
  object space 22016K, 32% used [0x87e00000,0x885164d8,0x89380000)
 Metaspace       used 13106K, capacity 13563K, committed 13592K, reserved 13616K
Event: 9.595 GC heap after
Heap after GC invocations=9 (full 0):
 PSYoungGen      total 11520K, used 2030K [0x9ce00000, 0x9dc80000, 0xa7600000)
  eden space 8192K, 0% used [0x9ce00000,0x9ce00000,0x9d600000)
  from space 3328K, 61% used [0x9d600000,0x9d7fb870,0x9d940000)
  to   space 3328K, 0% used [0x9d940000,0x9d940000,0x9dc80000)
 ParOldGen       total 22016K, used 7614K [0x87e00000, 0x89380000, 0x9ce00000)
  object space 22016K, 34% used [0x87e00000,0x8856f918,0x89380000)
 Metaspace       used 13106K, capacity 13563K, committed 13592K, reserved 13616K
}
Event: 10.369 GC heap before
{Heap before GC invocations=10 (full 0):
 PSYoungGen      total 11520K, used 10222K [0x9ce00000, 0x9dc80000, 0xa7600000)
  eden space 8192K, 100% used [0x9ce00000,0x9d600000,0x9d600000)
  from space 3328K, 61% used [0x9d600000,0x9d7fb870,0x9d940000)
  to   space 3328K, 0% used [0x9d940000,0x9d940000,0x9dc80000)
 ParOldGen       total 22016K, used 7614K [0x87e00000, 0x89380000, 0x9ce00000)
  object space 22016K, 34% used [0x87e00000,0x8856f918,0x89380000)
 Metaspace       used 14036K, capacity 14484K, committed 14616K, reserved 14640K
Event: 10.379 GC heap after
Heap after GC invocations=10 (full 0):
 PSYoungGen      total 11520K, used 2018K [0x9ce00000, 0x9dc80000, 0xa7600000)
  eden space 8192K, 0% used [0x9ce00000,0x9ce00000,0x9d600000)
  from space 3328K, 60% used [0x9d940000,0x9db38838,0x9dc80000)
  to   space 3328K, 0% used [0x9d600000,0x9d600000,0x9d940000)
 ParOldGen       total 22016K, used 8486K [0x87e00000, 0x89380000, 0x9ce00000)
  object space 22016K, 38% used [0x87e00000,0x88649848,0x89380000)
 Metaspace       used 14036K, capacity 14484K, committed 14616K, reserved 14640K
}
Event: 11.386 GC heap before
{Heap before GC invocations=11 (full 0):
 PSYoungGen      total 11520K, used 10210K [0x9ce00000, 0x9dc80000, 0xa7600000)
  eden space 8192K, 100% used [0x9ce00000,0x9d600000,0x9d600000)
  from space 3328K, 60% used [0x9d940000,0x9db38838,0x9dc80000)
  to   space 3328K, 0% used [0x9d600000,0x9d600000,0x9d940000)
 ParOldGen       total 22016K, used 8486K [0x87e00000, 0x89380000, 0x9ce00000)
  object space 22016K, 38% used [0x87e00000,0x88649848,0x89380000)
 Metaspace       used 15238K, capacity 15713K, committed 15768K, reserved 16688K
Event: 11.393 GC heap after
Heap after GC invocations=11 (full 0):
 PSYoungGen      total 11520K, used 1251K [0x9ce00000, 0x9dc80000, 0xa7600000)
  eden space 8192K, 0% used [0x9ce00000,0x9ce00000,0x9d600000)
  from space 3328K, 37% used [0x9d600000,0x9d738d80,0x9d940000)
  to   space 3328K, 0% used [0x9d940000,0x9d940000,0x9dc80000)
 ParOldGen       total 22016K, used 9681K [0x87e00000, 0x89380000, 0x9ce00000)
  object space 22016K, 43% used [0x87e00000,0x88774580,0x89380000)
 Metaspace       used 15238K, capacity 15713K, committed 15768K, reserved 16688K
}

