# JRE version: Java(TM) SE Runtime Environment (8.0_202-b08) (build 1.8.0_202-b08)
# Java VM: Java HotSpot(TM) Server VM (25.202-b08 mixed mode linux-x86 )
Heap:
 PSYoungGen      total 19200K, used 3244K [0x9ce00000, 0x9e480000, 0xa7600000)
  eden space 15872K, 0% used [0x9ce00000,0x9ce00000,0x9dd80000)
  from space 3328K, 97% used [0x9e140000,0x9e46b3d0,0x9e480000)
  to   space 3328K, 0% used [0x9de00000,0x9de00000,0x9e140000)
 ParOldGen       total 22016K, used 8491K [0x87e00000, 0x89380000, 0x9ce00000)
  object space 22016K, 38% used [0x87e00000,0x8864ad20,0x89380000)
 Metaspace       used 15878K, capacity 16364K, committed 16384K, reserved 16688K
GC Heap History (10 events):
Event: 4.798 GC heap after
Heap after GC invocations=5 (full 0):
 PSYoungGen      total 9472K, used 1265K [0x9ce00000, 0x9dc80000, 0xa7600000)
  eden space 8192K, 0% used [0x9ce00000,0x9ce00000,0x9d600000)
  from space 1280K, 98% used [0x9d600000,0x9d73c490,0x9d740000)
  to   space 3328K, 0% used [0x9d940000,0x9d940000,0x9dc80000)
 ParOldGen       total 22016K, used 6150K [0x87e00000, 0x89380000, 0x9ce00000)
  object space 22016K, 27% used [0x87e00000,0x88401970,0x89380000)
 Metaspace       used 8599K, capacity 8884K, committed 8984K, reserved 9520K
}
Event: 5.329 GC heap before
{Heap before GC invocations=6 (full 0):
 PSYoungGen      total 9472K, used 9457K [0x9ce00000, 0x9dc80000, 0xa7600000)
  eden space 8192K, 100% used [0x9ce00000,0x9d600000,0x9d600000)
  from space 1280K, 98% used [0x9d600000,0x9d73c490,0x9d740000)
  to   space 3328K, 0% used [0x9d940000,0x9d940000,0x9dc80000)
 ParOldGen       total 22016K, used 6150K [0x87e00000, 0x89380000, 0x9ce00000)
  object space 22016K, 27% used [0x87e00000,0x88401970,0x89380000)
 Metaspace       used 9742K, capacity 10037K, committed 10136K, reserved 10544K
Event: 5.338 GC heap after
Heap after GC invocations=6 (full 0):
 PSYoungGen      total 11520K, used 2700K [0x9ce00000, 0x9e480000, 0xa7600000)
  eden space 8192K, 0% used [0x9ce00000,0x9ce00000,0x9d600000)
  from space 3328K, 81% used [0x9d940000,0x9dbe3268,0x9dc80000)
  to   space 3328K, 0% used [0x9d600000,0x9d600000,0x9d940000)
 ParOldGen       total 22016K, used 6154K [0x87e00000, 0x89380000, 0x9ce00000)
  object space 22016K, 27% used [0x87e00000,0x88402970,0x89380000)
 Metaspace       used 9742K, capacity 10037K, committed 10136K, reserved 10544K
}
Event: 6.060 GC heap before
{Heap before GC invocations=7 (full 0):
 PSYoungGen      total 11520K, used 10892K [0x9ce00000, 0x9e480000, 0xa7600000)
  eden space 8192K, 100% used [0x9ce00000,0x9d600000,0x9d600000)
  from space 3328K, 81% used [0x9d940000,0x9dbe3268,0x9dc80000)
  to   space 3328K, 0% used [0x9d600000,0x9d600000,0x9d940000)
 ParOldGen       total 22016K, used 6154K [0x87e00000, 0x89380000, 0x9ce00000)
  object space 22016K, 27% used [0x87e00000,0x88402970,0x89380000)
 Metaspace       used 11194K, capacity 11545K, committed 11672K, reserved 12592K
Event: 6.066 GC heap after
Heap after GC invocations=7 (full 0):
 PSYoungGen      total 11520K, used 2113K [0x9ce00000, 0x9e480000, 0xa7600000)
  eden space 8192K, 0% used [0x9ce00000,0x9ce00000,0x9d600000)
  from space 3328K, 63% used [0x9d600000,0x9d8107c0,0x9d940000)
  to   space 3328K, 0% used [0x9e140000,0x9e140000,0x9e480000)
 ParOldGen       total 22016K, used 6815K [0x87e00000, 0x89380000, 0x9ce00000)
  object space 22016K, 30% used [0x87e00000,0x884a7f78,0x89380000)
 Metaspace       used 11194K, capacity 11545K, committed 11672K, reserved 12592K
}
Event: 7.008 GC heap before
{Heap before GC invocations=8 (full 0):
 PSYoungGen      total 11520K, used 10305K [0x9ce00000, 0x9e480000, 0xa7600000)
  eden space 8192K, 100% used [0x9ce00000,0x9d600000,0x9d600000)
  from space 3328K, 63% used [0x9d600000,0x9d8107c0,0x9d940000)
  to   space 3328K, 0% used [0x9e140000,0x9e140000,0x9e480000)
 ParOldGen       total 22016K, used 6815K [0x87e00000, 0x89380000, 0x9ce00000)
  object space 22016K, 30% used [0x87e00000,0x884a7f78,0x89380000)
 Metaspace       used 12228K, capacity 12651K, committed 12696K, reserved 13616K
Event: 7.018 GC heap after
Heap after GC invocations=8 (full 0):
 PSYoungGen      total 19712K, used 2281K [0x9ce00000, 0x9e480000, 0xa7600000)
  eden space 16384K, 0% used [0x9ce00000,0x9ce00000,0x9de00000)
  from space 3328K, 68% used [0x9e140000,0x9e37a660,0x9e480000)
  to   space 3328K, 0% used [0x9de00000,0x9de00000,0x9e140000)
 ParOldGen       total 22016K, used 7265K [0x87e00000, 0x89380000, 0x9ce00000)
  object space 22016K, 33% used [0x87e00000,0x885185d8,0x89380000)
 Metaspace       used 12228K, capacity 12651K, committed 12696K, reserved 13616K
}
Event: 9.190 GC heap before
{Heap before GC invocations=9 (full 0):
 PSYoungGen      total 19712K, used 18665K [0x9ce00000, 0x9e480000, 0xa7600000)
  eden space 16384K, 100% used [0x9ce00000,0x9de00000,0x9de00000)
  from space 3328K, 68% used [0x9e140000,0x9e37a660,0x9e480000)
  to   space 3328K, 0% used [0x9de00000,0x9de00000,0x9e140000)
 ParOldGen       total 22016K, used 7265K [0x87e00000, 0x89380000, 0x9ce00000)
  object space 22016K, 33% used [0x87e00000,0x885185d8,0x89380000)
 Metaspace       used 14029K, capacity 14484K, committed 14616K, reserved 14640K
Event: 9.204 GC heap after
Heap after GC invocations=9 (full 0):
 PSYoungGen      total 19200K, used 3215K [0x9ce00000, 0x9e480000, 0xa7600000)
  eden space 15872K, 0% used [0x9ce00000,0x9ce00000,0x9dd80000)
  from space 3328K, 96% used [0x9de00000,0x9e123e90,0x9e140000)
  to   space 3328K, 0% used [0x9e140000,0x9e140000,0x9e480000)
 ParOldGen       total 22016K, used 7597K [0x87e00000, 0x89380000, 0x9ce00000)
  object space 22016K, 34% used [0x87e00000,0x8856b618,0x89380000)
 Metaspace       used 14029K, capacity 14484K, committed 14616K, reserved 14640K
}
Event: 12.545 GC heap before
{Heap before GC invocations=10 (full 0):
 PSYoungGen      total 19200K, used 16944K [0x9ce00000, 0x9e480000, 0xa7600000)
  eden space 15872K, 86% used [0x9ce00000,0x9db68460,0x9dd80000)
  from space 3328K, 96% used [0x9de00000,0x9e123e90,0x9e140000)
  to   space 3328K, 0% used [0x9e140000,0x9e140000,0x9e480000)
 ParOldGen       total 22016K, used 7597K [0x87e00000, 0x89380000, 0x9ce00000)
  object space 22016K, 34% used [0x87e00000,0x8856b618,0x89380000)
 Metaspace       used 15878K, capacity 16364K, committed 16384K, reserved 16688K

