# JRE version: Java(TM) SE Runtime Environment (8.0_202-b08) (build 1.8.0_202-b08)
# Java VM: Java HotSpot(TM) Server VM (25.202-b08 mixed mode linux-x86 )
Heap:
 PSYoungGen      total 190720K, used 7565K [0x87600000, 0x93d40000, 0xa7600000)
  eden space 177408K, 0% used [0x87600000,0x87600000,0x92340000)
  from space 13312K, 56% used [0x93040000,0x937a34d0,0x93d40000)
  to   space 12800K, 0% used [0x92340000,0x92340000,0x92fc0000)
 ParOldGen       total 62720K, used 33234K [0x47600000, 0x4b340000, 0x87600000)
  object space 62720K, 52% used [0x47600000,0x49674b60,0x4b340000)
 Metaspace       used 47488K, capacity 49729K, committed 49792K, reserved 50480K
GC Heap History (10 events):
Event: 17.296 GC heap after
Heap after GC invocations=20 (full 3):
 PSYoungGen      total 157440K, used 3200K [0x87600000, 0x93c40000, 0xa7600000)
  eden space 144384K, 0% used [0x87600000,0x87600000,0x90300000)
  from space 13056K, 24% used [0x90300000,0x90620000,0x90fc0000)
  to   space 12800K, 0% used [0x92fc0000,0x92fc0000,0x93c40000)
 ParOldGen       total 62720K, used 38372K [0x47600000, 0x4b340000, 0x87600000)
  object space 62720K, 61% used [0x47600000,0x49b790d0,0x4b340000)
 Metaspace       used 43786K, capacity 45820K, committed 45824K, reserved 46384K
}
Event: 21.434 GC heap before
{Heap before GC invocations=21 (full 3):
 PSYoungGen      total 157440K, used 128001K [0x87600000, 0x93c40000, 0xa7600000)
  eden space 144384K, 86% used [0x87600000,0x8efe0578,0x90300000)
  from space 13056K, 24% used [0x90300000,0x90620000,0x90fc0000)
  to   space 12800K, 0% used [0x92fc0000,0x92fc0000,0x93c40000)
 ParOldGen       total 62720K, used 38372K [0x47600000, 0x4b340000, 0x87600000)
  object space 62720K, 61% used [0x47600000,0x49b790d0,0x4b340000)
 Metaspace       used 47301K, capacity 49546K, committed 49664K, reserved 50480K
Event: 21.459 GC heap after
Heap after GC invocations=21 (full 3):
 PSYoungGen      total 190208K, used 7945K [0x87600000, 0x93c40000, 0xa7600000)
  eden space 177408K, 0% used [0x87600000,0x87600000,0x92340000)
  from space 12800K, 62% used [0x92fc0000,0x937824f8,0x93c40000)
  to   space 12800K, 0% used [0x92340000,0x92340000,0x92fc0000)
 ParOldGen       total 62720K, used 40484K [0x47600000, 0x4b340000, 0x87600000)
  object space 62720K, 64% used [0x47600000,0x49d89240,0x4b340000)
 Metaspace       used 47301K, capacity 49546K, committed 49664K, reserved 50480K
}
Event: 21.459 GC heap before
{Heap before GC invocations=22 (full 4):
 PSYoungGen      total 190208K, used 7945K [0x87600000, 0x93c40000, 0xa7600000)
  eden space 177408K, 0% used [0x87600000,0x87600000,0x92340000)
  from space 12800K, 62% used [0x92fc0000,0x937824f8,0x93c40000)
  to   space 12800K, 0% used [0x92340000,0x92340000,0x92fc0000)
 ParOldGen       total 62720K, used 40484K [0x47600000, 0x4b340000, 0x87600000)
  object space 62720K, 64% used [0x47600000,0x49d89240,0x4b340000)
 Metaspace       used 47301K, capacity 49546K, committed 49664K, reserved 50480K
Event: 21.673 GC heap after
Heap after GC invocations=22 (full 4):
 PSYoungGen      total 190208K, used 0K [0x87600000, 0x93c40000, 0xa7600000)
  eden space 177408K, 0% used [0x87600000,0x87600000,0x92340000)
  from space 12800K, 0% used [0x92fc0000,0x92fc0000,0x93c40000)
  to   space 12800K, 0% used [0x92340000,0x92340000,0x92fc0000)
 ParOldGen       total 62720K, used 36284K [0x47600000, 0x4b340000, 0x87600000)
  object space 62720K, 57% used [0x47600000,0x4996f0c8,0x4b340000)
 Metaspace       used 47295K, capacity 49538K, committed 49664K, reserved 50480K
}
Event: 21.679 GC heap before
{Heap before GC invocations=23 (full 4):
 PSYoungGen      total 190208K, used 2872K [0x87600000, 0x93c40000, 0xa7600000)
  eden space 177408K, 1% used [0x87600000,0x878ce168,0x92340000)
  from space 12800K, 0% used [0x92fc0000,0x92fc0000,0x93c40000)
  to   space 12800K, 0% used [0x92340000,0x92340000,0x92fc0000)
 ParOldGen       total 62720K, used 36284K [0x47600000, 0x4b340000, 0x87600000)
  object space 62720K, 57% used [0x47600000,0x4996f0c8,0x4b340000)
 Metaspace       used 47296K, capacity 49538K, committed 49664K, reserved 50480K
Event: 21.684 GC heap after
Heap after GC invocations=23 (full 4):
 PSYoungGen      total 190208K, used 32K [0x87600000, 0x93d40000, 0xa7600000)
  eden space 177408K, 0% used [0x87600000,0x87600000,0x92340000)
  from space 12800K, 0% used [0x92340000,0x92348000,0x92fc0000)
  to   space 13312K, 0% used [0x93040000,0x93040000,0x93d40000)
 ParOldGen       total 62720K, used 36284K [0x47600000, 0x4b340000, 0x87600000)
  object space 62720K, 57% used [0x47600000,0x4996f0c8,0x4b340000)
 Metaspace       used 47296K, capacity 49538K, committed 49664K, reserved 50480K
}
Event: 21.684 GC heap before
{Heap before GC invocations=24 (full 5):
 PSYoungGen      total 190208K, used 32K [0x87600000, 0x93d40000, 0xa7600000)
  eden space 177408K, 0% used [0x87600000,0x87600000,0x92340000)
  from space 12800K, 0% used [0x92340000,0x92348000,0x92fc0000)
  to   space 13312K, 0% used [0x93040000,0x93040000,0x93d40000)
 ParOldGen       total 62720K, used 36284K [0x47600000, 0x4b340000, 0x87600000)
  object space 62720K, 57% used [0x47600000,0x4996f0c8,0x4b340000)
 Metaspace       used 47296K, capacity 49538K, committed 49664K, reserved 50480K
Event: 21.879 GC heap after
Heap after GC invocations=24 (full 5):
 PSYoungGen      total 190208K, used 0K [0x87600000, 0x93d40000, 0xa7600000)
  eden space 177408K, 0% used [0x87600000,0x87600000,0x92340000)
  from space 12800K, 0% used [0x92340000,0x92340000,0x92fc0000)
  to   space 13312K, 0% used [0x93040000,0x93040000,0x93d40000)
 ParOldGen       total 62720K, used 33230K [0x47600000, 0x4b340000, 0x87600000)
  object space 62720K, 52% used [0x47600000,0x49673b60,0x4b340000)
 Metaspace       used 47296K, capacity 49538K, committed 49664K, reserved 50480K
}
Event: 24.180 GC heap before
{Heap before GC invocations=25 (full 5):
 PSYoungGen      total 190208K, used 177408K [0x87600000, 0x93d40000, 0xa7600000)
  eden space 177408K, 100% used [0x87600000,0x92340000,0x92340000)
  from space 12800K, 0% used [0x92340000,0x92340000,0x92fc0000)
  to   space 13312K, 0% used [0x93040000,0x93040000,0x93d40000)
 ParOldGen       total 62720K, used 33230K [0x47600000, 0x4b340000, 0x87600000)
  object space 62720K, 52% used [0x47600000,0x49673b60,0x4b340000)
 Metaspace       used 47488K, capacity 49729K, committed 49792K, reserved 50480K

