# JRE version: Java(TM) SE Runtime Environment (8.0_202-b08) (build 1.8.0_202-b08)
# Java VM: Java HotSpot(TM) Server VM (25.202-b08 mixed mode linux-x86 )
Heap:
 PSYoungGen      total 144896K, used 15868K [0x87600000, 0x93100000, 0xa7600000)
  eden space 129024K, 0% used [0x87600000,0x87600000,0x8f400000)
  from space 15872K, 99% used [0x92180000,0x930ff080,0x93100000)
  to   space 14848K, 0% used [0x8f400000,0x8f400000,0x90280000)
 ParOldGen       total 56576K, used 48662K [0x47600000, 0x4ad40000, 0x87600000)
  object space 56576K, 86% used [0x47600000,0x4a585b28,0x4ad40000)
 Metaspace       used 53274K, capacity 55993K, committed 56064K, reserved 56624K
GC Heap History (10 events):
Event: 23.689 GC heap after
Heap after GC invocations=24 (full 5):
 PSYoungGen      total 111616K, used 7748K [0x87600000, 0x8fc00000, 0xa7600000)
  eden space 97536K, 0% used [0x87600000,0x87600000,0x8d540000)
  from space 14080K, 55% used [0x8d540000,0x8dcd1060,0x8e300000)
  to   space 14080K, 0% used [0x8ee40000,0x8ee40000,0x8fc00000)
 ParOldGen       total 56576K, used 31799K [0x47600000, 0x4ad40000, 0x87600000)
  object space 56576K, 56% used [0x47600000,0x4950ddf0,0x4ad40000)
 Metaspace       used 46585K, capacity 48772K, committed 48896K, reserved 49456K
}
Event: 24.322 GC heap before
{Heap before GC invocations=25 (full 5):
 PSYoungGen      total 111616K, used 105284K [0x87600000, 0x8fc00000, 0xa7600000)
  eden space 97536K, 100% used [0x87600000,0x8d540000,0x8d540000)
  from space 14080K, 55% used [0x8d540000,0x8dcd1060,0x8e300000)
  to   space 14080K, 0% used [0x8ee40000,0x8ee40000,0x8fc00000)
 ParOldGen       total 56576K, used 31799K [0x47600000, 0x4ad40000, 0x87600000)
  object space 56576K, 56% used [0x47600000,0x4950ddf0,0x4ad40000)
 Metaspace       used 46729K, capacity 48944K, committed 49024K, reserved 49456K
Event: 24.351 GC heap after
Heap after GC invocations=25 (full 5):
 PSYoungGen      total 122624K, used 9364K [0x87600000, 0x90080000, 0xa7600000)
  eden space 108544K, 0% used [0x87600000,0x87600000,0x8e000000)
  from space 14080K, 66% used [0x8ee40000,0x8f765180,0x8fc00000)
  to   space 14592K, 0% used [0x8e000000,0x8e000000,0x8ee40000)
 ParOldGen       total 56576K, used 31807K [0x47600000, 0x4ad40000, 0x87600000)
  object space 56576K, 56% used [0x47600000,0x4950fdf0,0x4ad40000)
 Metaspace       used 46729K, capacity 48944K, committed 49024K, reserved 49456K
}
Event: 24.629 GC heap before
{Heap before GC invocations=26 (full 5):
 PSYoungGen      total 122624K, used 117908K [0x87600000, 0x90080000, 0xa7600000)
  eden space 108544K, 100% used [0x87600000,0x8e000000,0x8e000000)
  from space 14080K, 66% used [0x8ee40000,0x8f765180,0x8fc00000)
  to   space 14592K, 0% used [0x8e000000,0x8e000000,0x8ee40000)
 ParOldGen       total 56576K, used 31807K [0x47600000, 0x4ad40000, 0x87600000)
  object space 56576K, 56% used [0x47600000,0x4950fdf0,0x4ad40000)
 Metaspace       used 46741K, capacity 48976K, committed 49024K, reserved 49456K
Event: 24.647 GC heap after
Heap after GC invocations=26 (full 5):
 PSYoungGen      total 123136K, used 8834K [0x87600000, 0x910c0000, 0xa7600000)
  eden space 108544K, 0% used [0x87600000,0x87600000,0x8e000000)
  from space 14592K, 60% used [0x8e000000,0x8e8a0ad0,0x8ee40000)
  to   space 14592K, 0% used [0x90280000,0x90280000,0x910c0000)
 ParOldGen       total 56576K, used 31811K [0x47600000, 0x4ad40000, 0x87600000)
  object space 56576K, 56% used [0x47600000,0x49510df0,0x4ad40000)
 Metaspace       used 46741K, capacity 48976K, committed 49024K, reserved 49456K
}
Event: 24.890 GC heap before
{Heap before GC invocations=27 (full 5):
 PSYoungGen      total 123136K, used 117378K [0x87600000, 0x910c0000, 0xa7600000)
  eden space 108544K, 100% used [0x87600000,0x8e000000,0x8e000000)
  from space 14592K, 60% used [0x8e000000,0x8e8a0ad0,0x8ee40000)
  to   space 14592K, 0% used [0x90280000,0x90280000,0x910c0000)
 ParOldGen       total 56576K, used 31811K [0x47600000, 0x4ad40000, 0x87600000)
  object space 56576K, 56% used [0x47600000,0x49510df0,0x4ad40000)
 Metaspace       used 46744K, capacity 48976K, committed 49024K, reserved 49456K
Event: 24.918 GC heap after
Heap after GC invocations=27 (full 5):
 PSYoungGen      total 143616K, used 9036K [0x87600000, 0x91600000, 0xa7600000)
  eden space 129024K, 0% used [0x87600000,0x87600000,0x8f400000)
  from space 14592K, 61% used [0x90280000,0x90b531f0,0x910c0000)
  to   space 14848K, 0% used [0x8f400000,0x8f400000,0x90280000)
 ParOldGen       total 56576K, used 31815K [0x47600000, 0x4ad40000, 0x87600000)
  object space 56576K, 56% used [0x47600000,0x49511df0,0x4ad40000)
 Metaspace       used 46744K, capacity 48976K, committed 49024K, reserved 49456K
}
Event: 25.802 GC heap before
{Heap before GC invocations=28 (full 5):
 PSYoungGen      total 143616K, used 138060K [0x87600000, 0x91600000, 0xa7600000)
  eden space 129024K, 100% used [0x87600000,0x8f400000,0x8f400000)
  from space 14592K, 61% used [0x90280000,0x90b531f0,0x910c0000)
  to   space 14848K, 0% used [0x8f400000,0x8f400000,0x90280000)
 ParOldGen       total 56576K, used 31815K [0x47600000, 0x4ad40000, 0x87600000)
  object space 56576K, 56% used [0x47600000,0x49511df0,0x4ad40000)
 Metaspace       used 47332K, capacity 49593K, committed 49664K, reserved 50480K
Event: 25.855 GC heap after
Heap after GC invocations=28 (full 5):
 PSYoungGen      total 143872K, used 12118K [0x87600000, 0x93100000, 0xa7600000)
  eden space 129024K, 0% used [0x87600000,0x87600000,0x8f400000)
  from space 14848K, 81% used [0x8f400000,0x8ffd5bb0,0x90280000)
  to   space 15872K, 0% used [0x92180000,0x92180000,0x93100000)
 ParOldGen       total 56576K, used 31819K [0x47600000, 0x4ad40000, 0x87600000)
  object space 56576K, 56% used [0x47600000,0x49512df0,0x4ad40000)
 Metaspace       used 47332K, capacity 49593K, committed 49664K, reserved 50480K
}
Event: 31.375 GC heap before
{Heap before GC invocations=29 (full 5):
 PSYoungGen      total 143872K, used 141142K [0x87600000, 0x93100000, 0xa7600000)
  eden space 129024K, 100% used [0x87600000,0x8f400000,0x8f400000)
  from space 14848K, 81% used [0x8f400000,0x8ffd5bb0,0x90280000)
  to   space 15872K, 0% used [0x92180000,0x92180000,0x93100000)
 ParOldGen       total 56576K, used 31819K [0x47600000, 0x4ad40000, 0x87600000)
  object space 56576K, 56% used [0x47600000,0x49512df0,0x4ad40000)
 Metaspace       used 53274K, capacity 55993K, committed 56064K, reserved 56624K

