# JRE version: Java(TM) SE Runtime Environment (8.0_202-b08) (build 1.8.0_202-b08)
# Java VM: Java HotSpot(TM) Server VM (25.202-b08 mixed mode linux-x86 )
Heap:
 PSYoungGen      total 149504K, used 13815K [0x87600000, 0x92c40000, 0xa7600000)
  eden space 135680K, 0% used [0x87600000,0x87600000,0x8fa80000)
  from space 13824K, 99% used [0x91ec0000,0x92c3dd58,0x92c40000)
  to   space 13312K, 0% used [0x8fa80000,0x8fa80000,0x90780000)
 ParOldGen       total 68864K, used 48200K [0x47600000, 0x4b940000, 0x87600000)
  object space 68864K, 69% used [0x47600000,0x4a512338,0x4b940000)
 Metaspace       used 52668K, capacity 55311K, committed 55424K, reserved 55600K
GC Heap History (10 events):
Event: 54.843 GC heap after
Heap after GC invocations=34 (full 5):
 PSYoungGen      total 117504K, used 5489K [0x87600000, 0x90280000, 0xa7600000)
  eden space 104192K, 0% used [0x87600000,0x87600000,0x8dbc0000)
  from space 13312K, 41% used [0x8dbc0000,0x8e11c478,0x8e8c0000)
  to   space 12544K, 0% used [0x8f640000,0x8f640000,0x90280000)
 ParOldGen       total 68864K, used 33137K [0x47600000, 0x4b940000, 0x87600000)
  object space 68864K, 48% used [0x47600000,0x4965c768,0x4b940000)
 Metaspace       used 47486K, capacity 49709K, committed 49792K, reserved 50480K
}
Event: 56.078 GC heap before
{Heap before GC invocations=35 (full 5):
 PSYoungGen      total 117504K, used 109681K [0x87600000, 0x90280000, 0xa7600000)
  eden space 104192K, 100% used [0x87600000,0x8dbc0000,0x8dbc0000)
  from space 13312K, 41% used [0x8dbc0000,0x8e11c478,0x8e8c0000)
  to   space 12544K, 0% used [0x8f640000,0x8f640000,0x90280000)
 ParOldGen       total 68864K, used 33137K [0x47600000, 0x4b940000, 0x87600000)
  object space 68864K, 48% used [0x47600000,0x4965c768,0x4b940000)
 Metaspace       used 47549K, capacity 49775K, committed 49792K, reserved 50480K
Event: 56.108 GC heap after
Heap after GC invocations=35 (full 5):
 PSYoungGen      total 131072K, used 7759K [0x87600000, 0x902c0000, 0xa7600000)
  eden space 118528K, 0% used [0x87600000,0x87600000,0x8e9c0000)
  from space 12544K, 61% used [0x8f640000,0x8fdd3f58,0x90280000)
  to   space 12800K, 0% used [0x8e9c0000,0x8e9c0000,0x8f640000)
 ParOldGen       total 68864K, used 33141K [0x47600000, 0x4b940000, 0x87600000)
  object space 68864K, 48% used [0x47600000,0x4965d768,0x4b940000)
 Metaspace       used 47549K, capacity 49775K, committed 49792K, reserved 50480K
}
Event: 57.036 GC heap before
{Heap before GC invocations=36 (full 5):
 PSYoungGen      total 131072K, used 126287K [0x87600000, 0x902c0000, 0xa7600000)
  eden space 118528K, 100% used [0x87600000,0x8e9c0000,0x8e9c0000)
  from space 12544K, 61% used [0x8f640000,0x8fdd3f58,0x90280000)
  to   space 12800K, 0% used [0x8e9c0000,0x8e9c0000,0x8f640000)
 ParOldGen       total 68864K, used 33141K [0x47600000, 0x4b940000, 0x87600000)
  object space 68864K, 48% used [0x47600000,0x4965d768,0x4b940000)
 Metaspace       used 47558K, capacity 49807K, committed 49920K, reserved 50480K
Event: 57.079 GC heap after
Heap after GC invocations=36 (full 5):
 PSYoungGen      total 131328K, used 8953K [0x87600000, 0x91480000, 0xa7600000)
  eden space 118528K, 0% used [0x87600000,0x87600000,0x8e9c0000)
  from space 12800K, 69% used [0x8e9c0000,0x8f27e6a0,0x8f640000)
  to   space 13312K, 0% used [0x90780000,0x90780000,0x91480000)
 ParOldGen       total 68864K, used 33145K [0x47600000, 0x4b940000, 0x87600000)
  object space 68864K, 48% used [0x47600000,0x4965e768,0x4b940000)
 Metaspace       used 47558K, capacity 49807K, committed 49920K, reserved 50480K
}
Event: 57.737 GC heap before
{Heap before GC invocations=37 (full 5):
 PSYoungGen      total 131328K, used 127481K [0x87600000, 0x91480000, 0xa7600000)
  eden space 118528K, 100% used [0x87600000,0x8e9c0000,0x8e9c0000)
  from space 12800K, 69% used [0x8e9c0000,0x8f27e6a0,0x8f640000)
  to   space 13312K, 0% used [0x90780000,0x90780000,0x91480000)
 ParOldGen       total 68864K, used 33145K [0x47600000, 0x4b940000, 0x87600000)
  object space 68864K, 48% used [0x47600000,0x4965e768,0x4b940000)
 Metaspace       used 47558K, capacity 49807K, committed 49920K, reserved 50480K
Event: 57.807 GC heap after
Heap after GC invocations=37 (full 5):
 PSYoungGen      total 148992K, used 8631K [0x87600000, 0x91800000, 0xa7600000)
  eden space 135680K, 0% used [0x87600000,0x87600000,0x8fa80000)
  from space 13312K, 64% used [0x90780000,0x90fedef8,0x91480000)
  to   space 13312K, 0% used [0x8fa80000,0x8fa80000,0x90780000)
 ParOldGen       total 68864K, used 33145K [0x47600000, 0x4b940000, 0x87600000)
  object space 68864K, 48% used [0x47600000,0x4965e768,0x4b940000)
 Metaspace       used 47558K, capacity 49807K, committed 49920K, reserved 50480K
}
Event: 58.546 GC heap before
{Heap before GC invocations=38 (full 5):
 PSYoungGen      total 148992K, used 144311K [0x87600000, 0x91800000, 0xa7600000)
  eden space 135680K, 100% used [0x87600000,0x8fa80000,0x8fa80000)
  from space 13312K, 64% used [0x90780000,0x90fedef8,0x91480000)
  to   space 13312K, 0% used [0x8fa80000,0x8fa80000,0x90780000)
 ParOldGen       total 68864K, used 33145K [0x47600000, 0x4b940000, 0x87600000)
  object space 68864K, 48% used [0x47600000,0x4965e768,0x4b940000)
 Metaspace       used 47574K, capacity 49813K, committed 49920K, reserved 50480K
Event: 58.579 GC heap after
Heap after GC invocations=38 (full 5):
 PSYoungGen      total 148992K, used 9217K [0x87600000, 0x92c40000, 0xa7600000)
  eden space 135680K, 0% used [0x87600000,0x87600000,0x8fa80000)
  from space 13312K, 69% used [0x8fa80000,0x90380530,0x90780000)
  to   space 13824K, 0% used [0x91ec0000,0x91ec0000,0x92c40000)
 ParOldGen       total 68864K, used 33145K [0x47600000, 0x4b940000, 0x87600000)
  object space 68864K, 48% used [0x47600000,0x4965e768,0x4b940000)
 Metaspace       used 47574K, capacity 49813K, committed 49920K, reserved 50480K
}
Event: 82.260 GC heap before
{Heap before GC invocations=39 (full 5):
 PSYoungGen      total 148992K, used 144897K [0x87600000, 0x92c40000, 0xa7600000)
  eden space 135680K, 100% used [0x87600000,0x8fa80000,0x8fa80000)
  from space 13312K, 69% used [0x8fa80000,0x90380530,0x90780000)
  to   space 13824K, 0% used [0x91ec0000,0x91ec0000,0x92c40000)
 ParOldGen       total 68864K, used 33145K [0x47600000, 0x4b940000, 0x87600000)
  object space 68864K, 48% used [0x47600000,0x4965e768,0x4b940000)
 Metaspace       used 52668K, capacity 55311K, committed 55424K, reserved 55600K

